<?xml version="1.0" encoding="UTF-8"?>
<testsuite xmlns:xsi="http://www.w3.org/2001/XMLSchema-instance" xsi:noNamespaceSchemaLocation="https://maven.apache.org/surefire/maven-surefire-plugin/xsd/surefire-test-report.xsd" name="com.example.AppTest" time="0.018" tests="1" errors="0" skipped="0" failures="0">
  <properties>
    <property name="sun.desktop" value="windows"/>
    <property name="awt.toolkit" value="sun.awt.windows.WToolkit"/>
    <property name="file.encoding.pkg" value="sun.io"/>
    <property name="java.specification.version" value="1.8"/>
    <property name="sun.cpu.isalist" value="amd64"/>
    <property name="sun.jnu.encoding" value="GBK"/>
    <property name="java.class.path" value="D:\Project\MyTomcat\demo\target\test-classes;D:\Project\MyTomcat\demo\target\classes;D:\Program\apache-maven-3.9.6\repository\junit\junit\4.11\junit-4.11.jar;D:\Program\apache-maven-3.9.6\repository\org\hamcrest\hamcrest-core\1.3\hamcrest-core-1.3.jar;"/>
    <property name="java.vm.vendor" value="Oracle Corporation"/>
    <property name="sun.arch.data.model" value="64"/>
    <property name="user.variant" value=""/>
    <property name="java.vendor.url" value="http://java.oracle.com/"/>
    <property name="user.timezone" value="Asia/Shanghai"/>
    <property name="java.vm.specification.version" value="1.8"/>
    <property name="os.name" value="Windows 11"/>
    <property name="user.country" value="CN"/>
    <property name="sun.java.launcher" value="SUN_STANDARD"/>
    <property name="sun.boot.library.path" value="D:\Program\Env\Java8\jre\bin"/>
    <property name="sun.java.command" value="C:\Users\BinTang\AppData\Local\Temp\surefire2856451767060010030\surefirebooter6646723704611382127.jar C:\Users\BinTang\AppData\Local\Temp\surefire2856451767060010030 2023-12-27T10-17-26_208-jvmRun1 surefire1537709118014208497tmp surefire_04193614942170192183tmp"/>
    <property name="surefire.test.class.path" value="D:\Project\MyTomcat\demo\target\test-classes;D:\Project\MyTomcat\demo\target\classes;D:\Program\apache-maven-3.9.6\repository\junit\junit\4.11\junit-4.11.jar;D:\Program\apache-maven-3.9.6\repository\org\hamcrest\hamcrest-core\1.3\hamcrest-core-1.3.jar;"/>
    <property name="sun.cpu.endian" value="little"/>
    <property name="user.home" value="C:\Users\BinTang"/>
    <property name="user.language" value="zh"/>
    <property name="java.specification.vendor" value="Oracle Corporation"/>
    <property name="java.home" value="D:\Program\Env\Java8\jre"/>
    <property name="basedir" value="D:\Project\MyTomcat\demo"/>
    <property name="file.separator" value="\"/>
    <property name="line.separator" value="&#10;"/>
    <property name="java.vm.specification.vendor" value="Oracle Corporation"/>
    <property name="java.specification.name" value="Java Platform API Specification"/>
    <property name="java.awt.graphicsenv" value="sun.awt.Win32GraphicsEnvironment"/>
    <property name="surefire.real.class.path" value="C:\Users\BinTang\AppData\Local\Temp\surefire2856451767060010030\surefirebooter6646723704611382127.jar"/>
    <property name="sun.boot.class.path" value="D:\Program\Env\Java8\jre\lib\resources.jar;D:\Program\Env\Java8\jre\lib\rt.jar;D:\Program\Env\Java8\jre\lib\jsse.jar;D:\Program\Env\Java8\jre\lib\jce.jar;D:\Program\Env\Java8\jre\lib\charsets.jar;D:\Program\Env\Java8\jre\lib\jfr.jar;D:\Program\Env\Java8\jre\classes"/>
    <property name="user.script" value=""/>
    <property name="sun.management.compiler" value="HotSpot 64-Bit Tiered Compilers"/>
    <property name="java.runtime.version" value="1.8.0_361-b09"/>
    <property name="user.name" value="BinTang"/>
    <property name="path.separator" value=";"/>
    <property name="os.version" value="10.0"/>
    <property name="java.endorsed.dirs" value="D:\Program\Env\Java8\jre\lib\endorsed"/>
    <property name="java.runtime.name" value="Java(TM) SE Runtime Environment"/>
    <property name="file.encoding" value="GBK"/>
    <property name="java.vm.name" value="Java HotSpot(TM) 64-Bit Server VM"/>
    <property name="localRepository" value="D:\Program\apache-maven-3.9.6\repository"/>
    <property name="java.vendor.url.bug" value="http://bugreport.sun.com/bugreport/"/>
    <property name="java.io.tmpdir" value="C:\Users\BinTang\AppData\Local\Temp\"/>
    <property name="java.version" value="1.8.0_361"/>
    <property name="user.dir" value="D:\Project\MyTomcat\demo"/>
    <property name="os.arch" value="amd64"/>
    <property name="java.vm.specification.name" value="Java Virtual Machine Specification"/>
    <property name="java.awt.printerjob" value="sun.awt.windows.WPrinterJob"/>
    <property name="sun.os.patch.level" value=""/>
    <property name="java.library.path" value="D:\Program\Env\Java8\jre\bin;C:\Windows\Sun\Java\bin;C:\Windows\system32;C:\Windows;D:\Program\Env\mingw64\bin\;C:\Program Files\NVIDIA GPU Computing Toolkit\CUDA\v11.7\bin;C:\Program Files\NVIDIA GPU Computing Toolkit\CUDA\v11.7\libnvvp;C:\Program Files\NVIDIA GPU Computing Toolkit\CUDA\v11.7\bin;C:\Program Files\NVIDIA GPU Computing Toolkit\CUDA\v11.7\libnvvp;C:\Windows\system32;C:\Windows;C:\Windows\System32\Wbem;C:\Windows\System32\WindowsPowerShell\v1.0\;C:\Windows\System32\OpenSSH\;C:\Program Files (x86)\NVIDIA Corporation\PhysX\Common;C:\Program Files\NVIDIA Corporation\NVIDIA NvDLISR;D:\Hotkeys;D:\Program\MySQL\MySQL Server 8.0\bin;D:\Program Files\OpenSSL-Win64\bin;C:\Users\BinTang\AppData\Local\Microsoft\WindowsApps\MicrosoftCorporationII.WindowsSubsystemForLinux_8wekyb3d8bbwe;C:\Program Files (x86)\dotnet\;D:\Program\Env\Java8\bin;D:\Program\ANACONDA;D:\Program\ANACONDA\Library\bin;D:\Program\ANACONDA\Scripts;C:\Program Files (x86)\Windows Kits\10\Windows Performance Toolkit\;D:\Program\Env\Java8\jre;D:\Program\Env\Java8\jre\bin;D:\Program\node-v18.16.0-win-x64;D:\Program\apache-maven-3.9.6\bin;C:\Program Files\NVIDIA Corporation\Nsight Compute 2023.2.0\;C:\Program Files\dotnet\;C:\Program Files\Bandizip\;D:\Program\Git\cmd;C:\Users\BinTang\anaconda3;C:\Users\BinTang\anaconda3\Library\mingw-w64\bin;C:\Users\BinTang\anaconda3\Library\usr\bin;C:\Users\BinTang\anaconda3\Library\bin;C:\Users\BinTang\anaconda3\Scripts;C:\Users\BinTang\AppData\Local\Programs\Python\Python310\Scripts\;C:\Users\BinTang\AppData\Local\Programs\Python\Python310\;C:\Users\BinTang\AppData\Local\Microsoft\WindowsApps;D:\Program\Fiddler;C:\Users\BinTang\AppData\Local\Programs\Microsoft VS Code\bin;."/>
    <property name="java.vm.info" value="mixed mode"/>
    <property name="java.vendor" value="Oracle Corporation"/>
    <property name="java.vm.version" value="25.361-b09"/>
    <property name="java.specification.maintenance.version" value="4"/>
    <property name="java.ext.dirs" value="D:\Program\Env\Java8\jre\lib\ext;C:\Windows\Sun\Java\lib\ext"/>
    <property name="sun.io.unicode.encoding" value="UnicodeLittle"/>
    <property name="java.class.version" value="52.0"/>
  </properties>
  <testcase name="shouldAnswerWithTrue" classname="com.example.AppTest" time="0.001"/>
</testsuite>